Using Ten SPEC2017 Programs Adopted by Branchnet
============================================================
Building
============================================================
Building single-core ChampSim...

rm -f -r obj
Generating dependencies for src/dram_controller.cc...
Compiling src/dram_controller.cc...
Generating dependencies for src/main.cc...
Compiling src/main.cc...
In file included from /usr/include/getopt.h:24:0,
                 from src/main.cc:3:
/usr/include/features.h:184:3: warning: #warning "_BSD_SOURCE and _SVID_SOURCE are deprecated, use _DEFAULT_SOURCE" [-Wcpp]
 # warning "_BSD_SOURCE and _SVID_SOURCE are deprecated, use _DEFAULT_SOURCE"
   ^~~~~~~
src/main.cc: In function 'int main(int, char**)':
src/main.cc:1195:140: warning: format '%d' expects argument of type 'int*', but argument 4 has type 'uint8_t* {aka unsigned char*}' [-Wformat=]
             while((fscanf(context_switch_file, "%ld %d %d", &cs_file[index].cycle, &cs_file[index].swap_cpu[0], &cs_file[index].swap_cpu[1]))!=EOF)
                                                                                    ~~~~~~~~~~~~~~~~~~~~~~~~~~~                             ^
src/main.cc:1195:140: warning: format '%d' expects argument of type 'int*', but argument 5 has type 'uint8_t* {aka unsigned char*}' [-Wformat=]
src/main.cc:1533:49: warning: comparison between signed and unsigned integer expressions [-Wsign-compare]
      if( cs_index!=-1 && ( current_core_cycle[i]==cs_file[cs_index].cycle) && (i==cs_file[cs_index].swap_cpu[0] || i==cs_file[cs_index].swap_cpu[1]))
                            ~~~~~~~~~~~~~~~~~~~~~^~~~~~~~~~~~~~~~~~~~~~~~~
src/main.cc:1544:11: warning: 'index' may be used uninitialized in this function [-Wmaybe-uninitialized]
           if(cs_index >= index)
           ^~
Generating dependencies for src/ooo_cpu.cc...
Compiling src/ooo_cpu.cc...
src/ooo_cpu.cc:517:25: warning: "/*" within comment [-Wcomment]
                         /*
                          
src/ooo_cpu.cc:904:40: warning: "/*" within comment [-Wcomment]
  ////DP ( if (warmup_complete[cpu]) { //*******************************************************************************************
                                         
src/ooo_cpu.cc:936:9: warning: "/*" within comment [-Wcomment]
         /*fetch_packet.address = ROB.entry[fetch_index].instruction_pa >> 6;
          
src/ooo_cpu.cc:958:13: warning: "/*" within comment [-Wcomment]
             /*
              
src/ooo_cpu.cc: In member function 'void O3_CPU::complete_instr_fetch(PACKET_QUEUE*, uint8_t)':
src/ooo_cpu.cc:2353:19: warning: comparison between signed and unsigned integer expressions [-Wsign-compare]
     if (rob_index != (a = check_rob(queue->entry[index].instr_id)))
         ~~~~~~~~~~^~~~~~~~~~~~~~~~~~~~~~~~~~~~~~~~~~~~~~~~~~~~~~~~
Generating dependencies for src/cache.cc...
Compiling src/cache.cc...
src/cache.cc: In member function 'void CACHE::handle_read()':
src/cache.cc:1746:27: warning: suggest explicit braces to avoid ambiguous 'else' [-Wdangling-else]
                         if(warmup_complete[read_cpu])
                           ^
src/cache.cc:1745:34: warning: variable 'l2c_mpki' set but not used [-Wunused-but-set-variable]
                         uint32_t l2c_mpki; // = (ooo_cpu[fill_cpu].L2C.sim_access[fill_cpu][0]*1000)/(ooo_cpu[fill_cpu].num_retired);
                                  ^~~~~~~~
src/cache.cc:2373:39: warning: suggest explicit braces to avoid ambiguous 'else' [-Wdangling-else]
                                     if(warmup_complete[read_cpu])
                                       ^
src/cache.cc:2372:46: warning: variable 'l2c_mpki' set but not used [-Wunused-but-set-variable]
                                     uint32_t l2c_mpki; // = (ooo_cpu[fill_cpu].L2C.sim_access[fill_cpu][0]*1000)/(ooo_cpu[fill_cpu].num_retired);
                                              ^~~~~~~~
src/cache.cc:2241:61: warning: 'prior_data' may be used uninitialized in this function [-Wmaybe-uninitialized]
                                 MSHR.entry[mshr_index].data = prior_data;
                                 ~~~~~~~~~~~~~~~~~~~~~~~~~~~~^~~~~~~~~~~~
Generating dependencies for src/utils.cc...
Compiling src/utils.cc...
Generating dependencies for src/uncore.cc...
Compiling src/uncore.cc...
Generating dependencies for src/page_table_walker.cc...
Compiling src/page_table_walker.cc...
src/page_table_walker.cc: In member function 'uint64_t PAGE_TABLE_WALKER::handle_page_fault(PAGE_TABLE_PAGE*, PACKET*, uint8_t)':
src/page_table_walker.cc:425:1: warning: control reaches end of non-void function [-Wreturn-type]
 }
 ^
Generating dependencies for src/block.cc...
Compiling src/block.cc...
Generating dependencies for branch/branch_predictor.cc...
Compiling branch/branch_predictor.cc...
Generating dependencies for replacement/stlb_replacement.cc...
Compiling replacement/stlb_replacement.cc...
Generating dependencies for replacement/llc_replacement.cc...
Compiling replacement/llc_replacement.cc...
Generating dependencies for replacement/l1i_replacement.cc...
Compiling replacement/l1i_replacement.cc...
Generating dependencies for replacement/itlb_replacement.cc...
Compiling replacement/itlb_replacement.cc...
Generating dependencies for replacement/btb_replacement.cc...
Compiling replacement/btb_replacement.cc...
Generating dependencies for replacement/l1d_replacement.cc...
Compiling replacement/l1d_replacement.cc...
Generating dependencies for replacement/base_replacement.cc...
Compiling replacement/base_replacement.cc...
Generating dependencies for replacement/l2c_replacement.cc...
Compiling replacement/l2c_replacement.cc...
Generating dependencies for replacement/dtlb_replacement.cc...
Compiling replacement/dtlb_replacement.cc...
Generating dependencies for prefetcher/dtlb_prefetcher.cc...
Compiling prefetcher/dtlb_prefetcher.cc...
Generating dependencies for prefetcher/l1i_prefetcher.cc...
Compiling prefetcher/l1i_prefetcher.cc...
Generating dependencies for prefetcher/l1d_prefetcher.cc...
Compiling prefetcher/l1d_prefetcher.cc...
Generating dependencies for prefetcher/l2c_prefetcher.cc...
Compiling prefetcher/l2c_prefetcher.cc...
Generating dependencies for prefetcher/stlb_prefetcher.cc...
Compiling prefetcher/stlb_prefetcher.cc...
Generating dependencies for prefetcher/itlb_prefetcher.cc...
Compiling prefetcher/itlb_prefetcher.cc...
Generating dependencies for prefetcher/llc_prefetcher.cc...
Compiling prefetcher/llc_prefetcher.cc...
Linking bin/champsim...

[1mChampSim is successfully built
Branch Predictor: multiperspective_perceptron8kb_onebranch
L1I Prefetcher: no
L1D Prefetcher: vberti
L2C Prefetcher: no
LLC Prefetcher: no
ITLB Prefetcher: no
DTLB Prefetcher: no
STLB Prefetcher: no
BTB Replacement: lru
L1I Replacement: lru
L1D Replacement: lru
L2C Replacement: srrip
LLC Replacement: drrip
ITLB Replacement: lru
DTLB Replacement: lru
STLB Replacement: lru
Cores: 1
Binary: bin/multiperspective_perceptron8kb_onebranch-no-vberti-no-no-no-no-no-lru-lru-lru-srrip-drrip-lru-lru-lru-1core-no

RUNNING
============================================================
./ChampSim/Berti/bin/./ChampSim/Berti/bin/multiperspective_perceptron8kb_onebranch-no-vberti-no-no-no-no-no-lru-lru-lru-srrip-drrip-lru-lru-lru-1core-no
Results
============================================================
Traceback (most recent call last):
  File "Python/get_data.py", line 3, in <module>
    import scipy.stats
ModuleNotFoundError: No module named 'scipy'
Traceback (most recent call last):
  File "Python/get_data_fig.py", line 3, in <module>
    import scipy.stats
ModuleNotFoundError: No module named 'scipy'
Traceback (most recent call last):
  File "Python/one_prefetch_performance.py", line 3, in <module>
    import matplotlib.pyplot as plt
ModuleNotFoundError: No module named 'matplotlib'
